2025-03-14 10:51:30,265 INFO com.example.jdbcex.SpringbootexampleApplication [restartedMain] Starting SpringbootexampleApplication using Java 23.0.2 with PID 8040 (C:\Users\ALIYA\Documents\GitHub\jdbcexample\springbootexample\target\classes started by ALIYA in C:\Users\ALIYA\Documents\GitHub\jdbcexample\springbootexample)
2025-03-14 10:51:30,266 INFO com.example.jdbcex.SpringbootexampleApplication [restartedMain] No active profile set, falling back to 1 default profile: "default"
2025-03-14 10:51:30,572 INFO org.springframework.data.repository.config.RepositoryConfigurationDelegate [restartedMain] Bootstrapping Spring Data JPA repositories in DEFAULT mode.
2025-03-14 10:51:30,579 INFO org.springframework.data.repository.config.RepositoryConfigurationDelegate [restartedMain] Finished Spring Data repository scanning in 5 ms. Found 0 JPA repository interfaces.
2025-03-14 10:51:30,710 INFO org.springframework.boot.web.embedded.tomcat.TomcatWebServer [restartedMain] Tomcat initialized with port 8224 (http)
2025-03-14 10:51:30,711 INFO org.apache.catalina.core.StandardService [restartedMain] Starting service [Tomcat]
2025-03-14 10:51:30,712 INFO org.apache.catalina.core.StandardEngine [restartedMain] Starting Servlet engine: [Apache Tomcat/10.1.36]
2025-03-14 10:51:30,742 INFO org.apache.catalina.core.ContainerBase.[Tomcat].[localhost].[/] [restartedMain] Initializing Spring embedded WebApplicationContext
2025-03-14 10:51:30,742 INFO org.springframework.boot.web.servlet.context.ServletWebServerApplicationContext [restartedMain] Root WebApplicationContext: initialization completed in 466 ms
2025-03-14 10:51:30,772 INFO com.zaxxer.hikari.HikariDataSource [restartedMain] HikariPool-2 - Starting...
2025-03-14 10:51:30,772 WARN com.zaxxer.hikari.util.DriverDataSource [restartedMain] Registered driver with driverClassName=oracle.jdbc.driver.OracleDriver was not found, trying direct instantiation.
2025-03-14 10:51:30,841 INFO com.zaxxer.hikari.pool.HikariPool [restartedMain] HikariPool-2 - Added connection oracle.jdbc.driver.T4CConnection@29a83e5a
2025-03-14 10:51:30,842 INFO com.zaxxer.hikari.HikariDataSource [restartedMain] HikariPool-2 - Start completed.
2025-03-14 10:51:30,851 INFO org.hibernate.jpa.internal.util.LogHelper [restartedMain] HHH000204: Processing PersistenceUnitInfo [name: default]
2025-03-14 10:51:30,858 INFO org.hibernate.cache.internal.RegionFactoryInitiator [restartedMain] HHH000026: Second-level cache disabled
2025-03-14 10:51:30,876 INFO org.springframework.orm.jpa.persistenceunit.SpringPersistenceUnitInfo [restartedMain] No LoadTimeWeaver setup: ignoring JPA class transformer
2025-03-14 10:51:30,881 WARN org.hibernate.dialect.Dialect [restartedMain] HHH000511: The 11.2.0 version for [org.hibernate.dialect.OracleDialect] is no longer supported, hence certain features may not work properly. The minimum supported version is 19.0.0. Check the community dialects project for available legacy versions.
2025-03-14 10:51:30,886 INFO org.hibernate.orm.connections.pooling [restartedMain] HHH10001005: Database info:
	Database JDBC URL [Connecting through datasource 'HikariDataSource (HikariPool-2)']
	Database driver: undefined/unknown
	Database version: 11.2
	Autocommit mode: undefined/unknown
	Isolation level: undefined/unknown
	Minimum pool size: undefined/unknown
	Maximum pool size: undefined/unknown
2025-03-14 10:51:30,928 INFO org.hibernate.engine.transaction.jta.platform.internal.JtaPlatformInitiator [restartedMain] HHH000489: No JTA platform available (set 'hibernate.transaction.jta.platform' to enable JTA platform integration)
2025-03-14 10:51:30,928 INFO org.springframework.orm.jpa.LocalContainerEntityManagerFactoryBean [restartedMain] Initialized JPA EntityManagerFactory for persistence unit 'default'
2025-03-14 10:51:30,973 WARN org.springframework.boot.autoconfigure.orm.jpa.JpaBaseConfiguration$JpaWebConfiguration [restartedMain] spring.jpa.open-in-view is enabled by default. Therefore, database queries may be performed during view rendering. Explicitly configure spring.jpa.open-in-view to disable this warning
2025-03-14 10:51:31,091 INFO org.springframework.boot.devtools.autoconfigure.OptionalLiveReloadServer [restartedMain] LiveReload server is running on port 35729
2025-03-14 10:51:31,110 INFO org.springframework.boot.web.embedded.tomcat.TomcatWebServer [restartedMain] Tomcat started on port 8224 (http) with context path '/'
2025-03-14 10:51:31,114 INFO com.example.jdbcex.SpringbootexampleApplication [restartedMain] Started SpringbootexampleApplication in 0.946 seconds (process running for 312.834)
2025-03-14 10:51:31,119 INFO org.springframework.boot.devtools.autoconfigure.ConditionEvaluationDeltaLoggingListener [restartedMain] Condition evaluation unchanged
2025-03-14 10:52:15,392 INFO org.apache.catalina.core.ContainerBase.[Tomcat].[localhost].[/] [http-nio-8224-exec-3] Initializing Spring DispatcherServlet 'dispatcherServlet'
2025-03-14 10:52:15,394 INFO org.springframework.web.servlet.DispatcherServlet [http-nio-8224-exec-3] Initializing Servlet 'dispatcherServlet'
2025-03-14 10:52:15,395 INFO org.springframework.web.servlet.DispatcherServlet [http-nio-8224-exec-3] Completed initialization in 1 ms
2025-03-14 10:52:15,449 WARN com.example.jdbcex.controller.LaptopController [http-nio-8224-exec-3] Failed to fetch List of Laptops
2025-03-14 10:54:15,994 INFO org.springframework.boot.devtools.autoconfigure.LocalDevToolsAutoConfiguration$RestartingClassPathChangeChangedEventListener [File Watcher] Restarting due to 1 class path change (0 additions, 0 deletions, 1 modification)
2025-03-14 10:54:15,997 INFO org.springframework.boot.web.embedded.tomcat.GracefulShutdown [Thread-11] Commencing graceful shutdown. Waiting for active requests to complete
2025-03-14 10:54:16,008 INFO org.springframework.boot.web.embedded.tomcat.GracefulShutdown [tomcat-shutdown] Graceful shutdown complete
2025-03-14 10:54:16,011 INFO org.springframework.orm.jpa.LocalContainerEntityManagerFactoryBean [Thread-11] Closing JPA EntityManagerFactory for persistence unit 'default'
2025-03-14 10:54:16,014 INFO com.zaxxer.hikari.HikariDataSource [Thread-11] HikariPool-2 - Shutdown initiated...
2025-03-14 10:54:16,031 INFO com.zaxxer.hikari.HikariDataSource [Thread-11] HikariPool-2 - Shutdown completed.
2025-03-14 10:54:16,069 INFO com.example.jdbcex.SpringbootexampleApplication [restartedMain] ----------Application running --------------
2025-03-14 10:54:16 [restartedMain] INFO  c.e.j.SpringbootexampleApplication - Starting SpringbootexampleApplication using Java 23.0.2 with PID 8040 (C:\Users\ALIYA\Documents\GitHub\jdbcexample\springbootexample\target\classes started by ALIYA in C:\Users\ALIYA\Documents\GitHub\jdbcexample\springbootexample)
2025-03-14 10:54:16 [restartedMain] INFO  c.e.j.SpringbootexampleApplication - No active profile set, falling back to 1 default profile: "default"
2025-03-14 10:54:16 [restartedMain] INFO  o.s.d.r.c.RepositoryConfigurationDelegate - Bootstrapping Spring Data JPA repositories in DEFAULT mode.
2025-03-14 10:54:16 [restartedMain] INFO  o.s.d.r.c.RepositoryConfigurationDelegate - Finished Spring Data repository scanning in 5 ms. Found 0 JPA repository interfaces.
2025-03-14 10:54:16 [restartedMain] INFO  o.s.b.w.e.tomcat.TomcatWebServer - Tomcat initialized with port 8224 (http)
2025-03-14 10:54:16 [restartedMain] INFO  o.a.catalina.core.StandardService - Starting service [Tomcat]
2025-03-14 10:54:16 [restartedMain] INFO  o.a.catalina.core.StandardEngine - Starting Servlet engine: [Apache Tomcat/10.1.36]
2025-03-14 10:54:16 [restartedMain] INFO  o.a.c.c.C.[Tomcat].[localhost].[/] - Initializing Spring embedded WebApplicationContext
2025-03-14 10:54:16 [restartedMain] INFO  o.s.b.w.s.c.ServletWebServerApplicationContext - Root WebApplicationContext: initialization completed in 435 ms
2025-03-14 10:54:16 [restartedMain] INFO  com.zaxxer.hikari.HikariDataSource - HikariPool-3 - Starting...
2025-03-14 10:54:16 [restartedMain] WARN  c.z.hikari.util.DriverDataSource - Registered driver with driverClassName=oracle.jdbc.driver.OracleDriver was not found, trying direct instantiation.
2025-03-14 10:54:16 [restartedMain] INFO  com.zaxxer.hikari.pool.HikariPool - HikariPool-3 - Added connection oracle.jdbc.driver.T4CConnection@725b52c4
2025-03-14 10:54:16 [restartedMain] INFO  com.zaxxer.hikari.HikariDataSource - HikariPool-3 - Start completed.
2025-03-14 10:54:16 [restartedMain] INFO  o.h.jpa.internal.util.LogHelper - HHH000204: Processing PersistenceUnitInfo [name: default]
2025-03-14 10:54:16 [restartedMain] INFO  o.h.c.i.RegionFactoryInitiator - HHH000026: Second-level cache disabled
2025-03-14 10:54:16 [restartedMain] INFO  o.s.o.j.p.SpringPersistenceUnitInfo - No LoadTimeWeaver setup: ignoring JPA class transformer
2025-03-14 10:54:16 [restartedMain] WARN  org.hibernate.dialect.Dialect - HHH000511: The 11.2.0 version for [org.hibernate.dialect.OracleDialect] is no longer supported, hence certain features may not work properly. The minimum supported version is 19.0.0. Check the community dialects project for available legacy versions.
2025-03-14 10:54:16 [restartedMain] INFO  o.hibernate.orm.connections.pooling - HHH10001005: Database info:
	Database JDBC URL [Connecting through datasource 'HikariDataSource (HikariPool-3)']
	Database driver: undefined/unknown
	Database version: 11.2
	Autocommit mode: undefined/unknown
	Isolation level: undefined/unknown
	Minimum pool size: undefined/unknown
	Maximum pool size: undefined/unknown
2025-03-14 10:54:16 [restartedMain] INFO  o.h.e.t.j.p.i.JtaPlatformInitiator - HHH000489: No JTA platform available (set 'hibernate.transaction.jta.platform' to enable JTA platform integration)
2025-03-14 10:54:16 [restartedMain] INFO  o.s.o.j.LocalContainerEntityManagerFactoryBean - Initialized JPA EntityManagerFactory for persistence unit 'default'
2025-03-14 10:54:16 [restartedMain] WARN  o.s.b.a.o.j.JpaBaseConfiguration$JpaWebConfiguration - spring.jpa.open-in-view is enabled by default. Therefore, database queries may be performed during view rendering. Explicitly configure spring.jpa.open-in-view to disable this warning
2025-03-14 10:54:16 [restartedMain] INFO  o.s.b.d.a.OptionalLiveReloadServer - LiveReload server is running on port 35729
2025-03-14 10:54:16 [restartedMain] INFO  o.s.b.w.e.tomcat.TomcatWebServer - Tomcat started on port 8224 (http) with context path '/'
2025-03-14 10:54:16 [restartedMain] INFO  c.e.j.SpringbootexampleApplication - Started SpringbootexampleApplication in 0.826 seconds (process running for 478.621)
2025-03-14 10:54:16 [restartedMain] INFO  o.s.b.d.a.ConditionEvaluationDeltaLoggingListener - Condition evaluation unchanged
2025-03-14 10:57:31 [File Watcher] INFO  o.s.b.d.a.LocalDevToolsAutoConfiguration$RestartingClassPathChangeChangedEventListener - Restarting due to 1 class path change (0 additions, 0 deletions, 1 modification)
2025-03-14 10:57:31 [Thread-17] INFO  o.s.b.w.e.tomcat.GracefulShutdown - Commencing graceful shutdown. Waiting for active requests to complete
2025-03-14 10:57:31 [tomcat-shutdown] INFO  o.s.b.w.e.tomcat.GracefulShutdown - Graceful shutdown complete
2025-03-14 10:57:31 [Thread-17] INFO  o.s.o.j.LocalContainerEntityManagerFactoryBean - Closing JPA EntityManagerFactory for persistence unit 'default'
2025-03-14 10:57:31 [Thread-17] INFO  com.zaxxer.hikari.HikariDataSource - HikariPool-3 - Shutdown initiated...
2025-03-14 10:57:31 [Thread-17] INFO  com.zaxxer.hikari.HikariDataSource - HikariPool-3 - Shutdown completed.
2025-03-14 10:57:31 [restartedMain] INFO  c.e.j.SpringbootexampleApplication - ----------Application running --------------
2025-03-14 10:57:31 [restartedMain] INFO  c.e.j.SpringbootexampleApplication - Starting SpringbootexampleApplication using Java 23.0.2 with PID 8040 (C:\Users\ALIYA\Documents\GitHub\jdbcexample\springbootexample\target\classes started by ALIYA in C:\Users\ALIYA\Documents\GitHub\jdbcexample\springbootexample)
2025-03-14 10:57:31 [restartedMain] INFO  c.e.j.SpringbootexampleApplication - No active profile set, falling back to 1 default profile: "default"
2025-03-14 10:57:31 [restartedMain] INFO  o.s.d.r.c.RepositoryConfigurationDelegate - Bootstrapping Spring Data JPA repositories in DEFAULT mode.
2025-03-14 10:57:31 [restartedMain] INFO  o.s.d.r.c.RepositoryConfigurationDelegate - Finished Spring Data repository scanning in 2 ms. Found 0 JPA repository interfaces.
2025-03-14 10:57:31 [restartedMain] INFO  o.s.b.w.e.tomcat.TomcatWebServer - Tomcat initialized with port 8224 (http)
2025-03-14 10:57:31 [restartedMain] INFO  o.a.catalina.core.StandardService - Starting service [Tomcat]
2025-03-14 10:57:31 [restartedMain] INFO  o.a.catalina.core.StandardEngine - Starting Servlet engine: [Apache Tomcat/10.1.36]
2025-03-14 10:57:31 [restartedMain] INFO  o.a.c.c.C.[Tomcat].[localhost].[/] - Initializing Spring embedded WebApplicationContext
2025-03-14 10:57:31 [restartedMain] INFO  o.s.b.w.s.c.ServletWebServerApplicationContext - Root WebApplicationContext: initialization completed in 392 ms
2025-03-14 10:57:31 [restartedMain] INFO  com.zaxxer.hikari.HikariDataSource - HikariPool-4 - Starting...
2025-03-14 10:57:31 [restartedMain] WARN  c.z.hikari.util.DriverDataSource - Registered driver with driverClassName=oracle.jdbc.driver.OracleDriver was not found, trying direct instantiation.
2025-03-14 10:57:31 [restartedMain] INFO  com.zaxxer.hikari.pool.HikariPool - HikariPool-4 - Added connection oracle.jdbc.driver.T4CConnection@7563837
2025-03-14 10:57:31 [restartedMain] INFO  com.zaxxer.hikari.HikariDataSource - HikariPool-4 - Start completed.
2025-03-14 10:57:31 [restartedMain] INFO  o.h.jpa.internal.util.LogHelper - HHH000204: Processing PersistenceUnitInfo [name: default]
2025-03-14 10:57:31 [restartedMain] INFO  o.h.c.i.RegionFactoryInitiator - HHH000026: Second-level cache disabled
2025-03-14 10:57:31 [restartedMain] INFO  o.s.o.j.p.SpringPersistenceUnitInfo - No LoadTimeWeaver setup: ignoring JPA class transformer
2025-03-14 10:57:31 [restartedMain] WARN  org.hibernate.dialect.Dialect - HHH000511: The 11.2.0 version for [org.hibernate.dialect.OracleDialect] is no longer supported, hence certain features may not work properly. The minimum supported version is 19.0.0. Check the community dialects project for available legacy versions.
2025-03-14 10:57:31 [restartedMain] INFO  o.hibernate.orm.connections.pooling - HHH10001005: Database info:
	Database JDBC URL [Connecting through datasource 'HikariDataSource (HikariPool-4)']
	Database driver: undefined/unknown
	Database version: 11.2
	Autocommit mode: undefined/unknown
	Isolation level: undefined/unknown
	Minimum pool size: undefined/unknown
	Maximum pool size: undefined/unknown
2025-03-14 10:57:31 [restartedMain] INFO  o.h.e.t.j.p.i.JtaPlatformInitiator - HHH000489: No JTA platform available (set 'hibernate.transaction.jta.platform' to enable JTA platform integration)
2025-03-14 10:57:31 [restartedMain] INFO  o.s.o.j.LocalContainerEntityManagerFactoryBean - Initialized JPA EntityManagerFactory for persistence unit 'default'
2025-03-14 10:57:31 [restartedMain] WARN  o.s.b.a.o.j.JpaBaseConfiguration$JpaWebConfiguration - spring.jpa.open-in-view is enabled by default. Therefore, database queries may be performed during view rendering. Explicitly configure spring.jpa.open-in-view to disable this warning
2025-03-14 10:57:32 [restartedMain] INFO  o.s.b.d.a.OptionalLiveReloadServer - LiveReload server is running on port 35729
2025-03-14 10:57:32 [restartedMain] INFO  o.s.b.w.e.tomcat.TomcatWebServer - Tomcat started on port 8224 (http) with context path '/'
2025-03-14 10:57:32 [restartedMain] INFO  c.e.j.SpringbootexampleApplication - Started SpringbootexampleApplication in 0.665 seconds (process running for 673.766)
2025-03-14 10:57:32 [restartedMain] INFO  o.s.b.d.a.ConditionEvaluationDeltaLoggingListener - Condition evaluation unchanged
2025-03-14 10:58:09 [http-nio-8224-exec-2] INFO  o.a.c.c.C.[Tomcat].[localhost].[/] - Initializing Spring DispatcherServlet 'dispatcherServlet'
2025-03-14 10:58:09 [http-nio-8224-exec-2] INFO  o.s.web.servlet.DispatcherServlet - Initializing Servlet 'dispatcherServlet'
2025-03-14 10:58:09 [http-nio-8224-exec-2] INFO  o.s.web.servlet.DispatcherServlet - Completed initialization in 0 ms
2025-03-14 10:58:09 [http-nio-8224-exec-2] INFO  c.e.jdbcex.serviceimpl.ServiceImpl - inserting a laptop:
2025-03-14 10:58:09 [http-nio-8224-exec-2] INFO  c.e.j.controller.LaptopController - Laptop inserted successfully
